2026.03.09 13:50:03 INFO  Started: Metals version 1.6.6 in folders 'C:\Users\DELL\OneDrive\Bureau\sorbonne\M2\S2\PPC\mozartGame_code' for client Visual Studio Code 1.110.1.
2026.03.09 13:50:03 INFO  Memory monitor started
2026.03.09 13:50:04 WARN  Using H2 2.4.240 which is newer than the version Flyway has been verified with. The latest verified version of H2 is 2.3.232.
2026.03.09 13:50:04 INFO  no build target found for C:\Users\DELL\OneDrive\Bureau\sorbonne\M2\S2\PPC\mozartGame_code\src\main\scala\DataBase.scala. Using presentation compiler with project's scala-library version: 3.3.7
2026.03.09 13:50:07 INFO  no build target found for C:\Users\DELL\OneDrive\Bureau\sorbonne\M2\S2\PPC\mozartGame_code\src\main\scala\DataBase.scala. Using presentation compiler with project's scala-library version: 3.3.7
2026.03.09 13:50:14 INFO  no build target found for C:\Users\DELL\OneDrive\Bureau\sorbonne\M2\S2\PPC\mozartGame_code\src\main\scala\DataBase.scala. Using presentation compiler with project's scala-library version: 3.3.7
2026.03.09 13:50:14 WARN  no build target for: C:\Users\DELL\OneDrive\Bureau\sorbonne\M2\S2\PPC\mozartGame_code\src\main\scala\DataBase.scala
2026.03.09 13:50:14 INFO  no build target found for C:\Users\DELL\OneDrive\Bureau\sorbonne\M2\S2\PPC\mozartGame_code\src\main\scala\DataBase.scala. Using presentation compiler with project's scala-library version: 3.3.7
2026.03.09 13:50:52 INFO  no build target found for C:\Users\DELL\OneDrive\Bureau\sorbonne\M2\S2\PPC\mozartGame_code\src\main\scala\DataBase.scala. Using presentation compiler with project's scala-library version: 3.3.7
2026.03.09 13:50:54 INFO  no build target found for C:\Users\DELL\OneDrive\Bureau\sorbonne\M2\S2\PPC\mozartGame_code\src\main\scala\DataBase.scala. Using presentation compiler with project's scala-library version: 3.3.7
2026.03.09 13:50:54 INFO  no build target found for C:\Users\DELL\OneDrive\Bureau\sorbonne\M2\S2\PPC\mozartGame_code\src\main\scala\DataBase.scala. Using presentation compiler with project's scala-library version: 3.3.7
mars 09, 2026 1:50:55 PM org.eclipse.lsp4j.jsonrpc.RemoteEndpoint handleCancellation
WARNING: Unmatched cancel notification for request id 135
2026.03.09 13:50:55 INFO  no build target found for C:\Users\DELL\OneDrive\Bureau\sorbonne\M2\S2\PPC\mozartGame_code\src\main\scala\DataBase.scala. Using presentation compiler with project's scala-library version: 3.3.7
2026.03.09 13:50:55 INFO  no build target found for C:\Users\DELL\OneDrive\Bureau\sorbonne\M2\S2\PPC\mozartGame_code\src\main\scala\DataBase.scala. Using presentation compiler with project's scala-library version: 3.3.7
2026.03.09 13:51:13 INFO  no build target found for C:\Users\DELL\OneDrive\Bureau\sorbonne\M2\S2\PPC\mozartGame_code\src\main\scala\DataBase.scala. Using presentation compiler with project's scala-library version: 3.3.7
2026.03.09 13:51:22 INFO  no build target found for C:\Users\DELL\OneDrive\Bureau\sorbonne\M2\S2\PPC\mozartGame_code\src\main\scala\DataBase.scala. Using presentation compiler with project's scala-library version: 3.3.7
2026.03.09 13:51:45 INFO  no build target found for C:\Users\DELL\OneDrive\Bureau\sorbonne\M2\S2\PPC\mozartGame_code\src\main\scala\DataBase.scala. Using presentation compiler with project's scala-library version: 3.3.7
2026.03.09 13:51:50 INFO  no build target found for C:\Users\DELL\OneDrive\Bureau\sorbonne\M2\S2\PPC\mozartGame_code\src\main\scala\DataBase.scala. Using presentation compiler with project's scala-library version: 3.3.7
2026.03.09 13:51:50 INFO  no build target found for C:\Users\DELL\OneDrive\Bureau\sorbonne\M2\S2\PPC\mozartGame_code\src\main\scala\DataBase.scala. Using presentation compiler with project's scala-library version: 3.3.7
2026.03.09 13:51:53 INFO  no build target found for C:\Users\DELL\OneDrive\Bureau\sorbonne\M2\S2\PPC\mozartGame_code\src\main\scala\DataBase.scala. Using presentation compiler with project's scala-library version: 3.3.7
2026.03.09 13:53:04 INFO  no build target found for C:\Users\DELL\OneDrive\Bureau\sorbonne\M2\S2\PPC\mozartGame_code\src\main\scala\DataBase.scala. Using presentation compiler with project's scala-library version: 3.3.7
2026.03.09 13:56:10 INFO  no build target found for C:\Users\DELL\OneDrive\Bureau\sorbonne\M2\S2\PPC\mozartGame_code\src\main\scala\DataBase.scala. Using presentation compiler with project's scala-library version: 3.3.7
2026.03.09 13:56:36 INFO  no build target found for C:\Users\DELL\OneDrive\Bureau\sorbonne\M2\S2\PPC\mozartGame_code\src\main\scala\DataBase.scala. Using presentation compiler with project's scala-library version: 3.3.7
2026.03.09 13:56:36 INFO  no build target found for C:\Users\DELL\OneDrive\Bureau\sorbonne\M2\S2\PPC\mozartGame_code\src\main\scala\DataBase.scala. Using presentation compiler with project's scala-library version: 3.3.7
2026.03.09 13:56:37 INFO  no build target found for C:\Users\DELL\OneDrive\Bureau\sorbonne\M2\S2\PPC\mozartGame_code\src\main\scala\DataBase.scala. Using presentation compiler with project's scala-library version: 3.3.7
2026.03.09 13:56:37 INFO  no build target found for C:\Users\DELL\OneDrive\Bureau\sorbonne\M2\S2\PPC\mozartGame_code\src\main\scala\DataBase.scala. Using presentation compiler with project's scala-library version: 3.3.7
2026.03.09 13:56:37 INFO  no build target found for C:\Users\DELL\OneDrive\Bureau\sorbonne\M2\S2\PPC\mozartGame_code\src\main\scala\DataBase.scala. Using presentation compiler with project's scala-library version: 3.3.7
2026.03.09 13:56:39 INFO  no build target found for C:\Users\DELL\OneDrive\Bureau\sorbonne\M2\S2\PPC\mozartGame_code\src\main\scala\DataBase.scala. Using presentation compiler with project's scala-library version: 3.3.7
2026.03.09 13:56:41 INFO  no build target found for C:\Users\DELL\OneDrive\Bureau\sorbonne\M2\S2\PPC\mozartGame_code\src\main\scala\DataBase.scala. Using presentation compiler with project's scala-library version: 3.3.7
2026.03.09 13:56:41 INFO  no build target found for C:\Users\DELL\OneDrive\Bureau\sorbonne\M2\S2\PPC\mozartGame_code\src\main\scala\DataBase.scala. Using presentation compiler with project's scala-library version: 3.3.7
2026.03.09 13:56:41 INFO  no build target found for C:\Users\DELL\OneDrive\Bureau\sorbonne\M2\S2\PPC\mozartGame_code\src\main\scala\DataBase.scala. Using presentation compiler with project's scala-library version: 3.3.7
2026.03.09 13:56:41 INFO  no build target found for C:\Users\DELL\OneDrive\Bureau\sorbonne\M2\S2\PPC\mozartGame_code\src\main\scala\DataBase.scala. Using presentation compiler with project's scala-library version: 3.3.7
2026.03.09 13:56:41 INFO  no build target found for C:\Users\DELL\OneDrive\Bureau\sorbonne\M2\S2\PPC\mozartGame_code\src\main\scala\DataBase.scala. Using presentation compiler with project's scala-library version: 3.3.7
2026.03.09 13:59:12 INFO  no build target found for C:\Users\DELL\OneDrive\Bureau\sorbonne\M2\S2\PPC\mozartGame_code\src\main\scala\DataBase.scala. Using presentation compiler with project's scala-library version: 3.3.7
2026.03.09 13:59:12 INFO  no build target found for C:\Users\DELL\OneDrive\Bureau\sorbonne\M2\S2\PPC\mozartGame_code\src\main\scala\Main.scala. Using presentation compiler with project's scala-library version: 3.3.7
2026.03.09 13:59:12 WARN  no build target for: C:\Users\DELL\OneDrive\Bureau\sorbonne\M2\S2\PPC\mozartGame_code\src\main\scala\Main.scala
2026.03.09 13:59:12 INFO  no build target found for C:\Users\DELL\OneDrive\Bureau\sorbonne\M2\S2\PPC\mozartGame_code\src\main\scala\Main.scala. Using presentation compiler with project's scala-library version: 3.3.7
mars 09, 2026 1:59:13 PM org.eclipse.lsp4j.jsonrpc.RemoteEndpoint handleCancellation
WARNING: Unmatched cancel notification for request id 310
2026.03.09 13:59:12 INFO  no build target found for C:\Users\DELL\OneDrive\Bureau\sorbonne\M2\S2\PPC\mozartGame_code\src\main\scala\Main.scala. Using presentation compiler with project's scala-library version: 3.3.7
2026.03.09 13:59:12 INFO  no build target found for C:\Users\DELL\OneDrive\Bureau\sorbonne\M2\S2\PPC\mozartGame_code\src\main\scala\Main.scala. Using presentation compiler with project's scala-library version: 3.3.7
2026.03.09 13:59:13 INFO  no build target found for C:\Users\DELL\OneDrive\Bureau\sorbonne\M2\S2\PPC\mozartGame_code\src\main\scala\Main.scala. Using presentation compiler with project's scala-library version: 3.3.7
2026.03.09 13:59:20 INFO  no build target found for C:\Users\DELL\OneDrive\Bureau\sorbonne\M2\S2\PPC\mozartGame_code\src\main\scala\Main.scala. Using presentation compiler with project's scala-library version: 3.3.7
2026.03.09 13:59:20 INFO  no build target found for C:\Users\DELL\OneDrive\Bureau\sorbonne\M2\S2\PPC\mozartGame_code\src\main\scala\Player.scala. Using presentation compiler with project's scala-library version: 3.3.7
2026.03.09 13:59:20 WARN  no build target for: C:\Users\DELL\OneDrive\Bureau\sorbonne\M2\S2\PPC\mozartGame_code\src\main\scala\Player.scala
2026.03.09 13:59:20 INFO  no build target found for C:\Users\DELL\OneDrive\Bureau\sorbonne\M2\S2\PPC\mozartGame_code\src\main\scala\Player.scala. Using presentation compiler with project's scala-library version: 3.3.7
2026.03.09 13:59:20 INFO  no build target found for C:\Users\DELL\OneDrive\Bureau\sorbonne\M2\S2\PPC\mozartGame_code\src\main\scala\Player.scala. Using presentation compiler with project's scala-library version: 3.3.7
2026.03.09 13:59:21 INFO  no build target found for C:\Users\DELL\OneDrive\Bureau\sorbonne\M2\S2\PPC\mozartGame_code\src\main\scala\Player.scala. Using presentation compiler with project's scala-library version: 3.3.7
2026.03.09 14:03:25 INFO  no build target found for C:\Users\DELL\OneDrive\Bureau\sorbonne\M2\S2\PPC\mozartGame_code\src\main\scala\Player.scala. Using presentation compiler with project's scala-library version: 3.3.7
2026.03.09 14:03:25 INFO  no build target found for C:\Users\DELL\OneDrive\Bureau\sorbonne\M2\S2\PPC\mozartGame_code\src\main\scala\DataBase.scala. Using presentation compiler with project's scala-library version: 3.3.7
2026.03.09 14:03:25 WARN  no build target for: C:\Users\DELL\OneDrive\Bureau\sorbonne\M2\S2\PPC\mozartGame_code\src\main\scala\DataBase.scala
2026.03.09 14:03:25 INFO  no build target found for C:\Users\DELL\OneDrive\Bureau\sorbonne\M2\S2\PPC\mozartGame_code\src\main\scala\DataBase.scala. Using presentation compiler with project's scala-library version: 3.3.7
2026.03.09 14:03:25 INFO  no build target found for C:\Users\DELL\OneDrive\Bureau\sorbonne\M2\S2\PPC\mozartGame_code\src\main\scala\DataBase.scala. Using presentation compiler with project's scala-library version: 3.3.7
2026.03.09 14:03:25 INFO  no build target found for C:\Users\DELL\OneDrive\Bureau\sorbonne\M2\S2\PPC\mozartGame_code\src\main\scala\DataBase.scala. Using presentation compiler with project's scala-library version: 3.3.7
2026.03.09 14:03:26 INFO  no build target found for C:\Users\DELL\OneDrive\Bureau\sorbonne\M2\S2\PPC\mozartGame_code\src\main\scala\DataBase.scala. Using presentation compiler with project's scala-library version: 3.3.7
2026.03.09 14:03:25 INFO  no build target found for C:\Users\DELL\OneDrive\Bureau\sorbonne\M2\S2\PPC\mozartGame_code\src\main\scala\DataBase.scala. Using presentation compiler with project's scala-library version: 3.3.7
2026.03.09 14:03:27 INFO  no build target found for C:\Users\DELL\OneDrive\Bureau\sorbonne\M2\S2\PPC\mozartGame_code\src\main\scala\DataBase.scala. Using presentation compiler with project's scala-library version: 3.3.7
2026.03.09 14:03:39 INFO  no build target found for C:\Users\DELL\OneDrive\Bureau\sorbonne\M2\S2\PPC\mozartGame_code\src\main\scala\DataBase.scala. Using presentation compiler with project's scala-library version: 3.3.7
2026.03.09 14:03:39 INFO  no build target found for C:\Users\DELL\OneDrive\Bureau\sorbonne\M2\S2\PPC\mozartGame_code\src\main\scala\DataBase.scala. Using presentation compiler with project's scala-library version: 3.3.7
2026.03.09 14:03:39 INFO  no build target found for C:\Users\DELL\OneDrive\Bureau\sorbonne\M2\S2\PPC\mozartGame_code\src\main\scala\DataBase.scala. Using presentation compiler with project's scala-library version: 3.3.7
2026.03.09 14:03:39 INFO  no build target found for C:\Users\DELL\OneDrive\Bureau\sorbonne\M2\S2\PPC\mozartGame_code\src\main\scala\DataBase.scala. Using presentation compiler with project's scala-library version: 3.3.7
2026.03.09 14:03:39 INFO  no build target found for C:\Users\DELL\OneDrive\Bureau\sorbonne\M2\S2\PPC\mozartGame_code\src\main\scala\DataBase.scala. Using presentation compiler with project's scala-library version: 3.3.7
2026.03.09 14:03:40 INFO  no build target found for C:\Users\DELL\OneDrive\Bureau\sorbonne\M2\S2\PPC\mozartGame_code\src\main\scala\DataBase.scala. Using presentation compiler with project's scala-library version: 3.3.7
2026.03.09 14:03:40 INFO  no build target found for C:\Users\DELL\OneDrive\Bureau\sorbonne\M2\S2\PPC\mozartGame_code\src\main\scala\DataBase.scala. Using presentation compiler with project's scala-library version: 3.3.7
2026.03.09 14:03:40 INFO  no build target found for C:\Users\DELL\OneDrive\Bureau\sorbonne\M2\S2\PPC\mozartGame_code\src\main\scala\DataBase.scala. Using presentation compiler with project's scala-library version: 3.3.7
2026.03.09 14:04:41 INFO  no build target found for C:\Users\DELL\OneDrive\Bureau\sorbonne\M2\S2\PPC\mozartGame_code\src\main\scala\DataBase.scala. Using presentation compiler with project's scala-library version: 3.3.7
2026.03.09 14:05:12 INFO  no build target found for C:\Users\DELL\OneDrive\Bureau\sorbonne\M2\S2\PPC\mozartGame_code\src\main\scala\DataBase.scala. Using presentation compiler with project's scala-library version: 3.3.7
2026.03.09 14:05:12 INFO  no build target found for C:\Users\DELL\OneDrive\Bureau\sorbonne\M2\S2\PPC\mozartGame_code\src\main\scala\DataBase.scala. Using presentation compiler with project's scala-library version: 3.3.7
2026.03.09 14:05:12 INFO  no build target found for C:\Users\DELL\OneDrive\Bureau\sorbonne\M2\S2\PPC\mozartGame_code\src\main\scala\DataBase.scala. Using presentation compiler with project's scala-library version: 3.3.7
2026.03.09 14:05:12 INFO  no build target found for C:\Users\DELL\OneDrive\Bureau\sorbonne\M2\S2\PPC\mozartGame_code\src\main\scala\DataBase.scala. Using presentation compiler with project's scala-library version: 3.3.7
2026.03.09 14:05:13 INFO  no build target found for C:\Users\DELL\OneDrive\Bureau\sorbonne\M2\S2\PPC\mozartGame_code\src\main\scala\DataBase.scala. Using presentation compiler with project's scala-library version: 3.3.7
2026.03.09 14:05:13 INFO  no build target found for C:\Users\DELL\OneDrive\Bureau\sorbonne\M2\S2\PPC\mozartGame_code\src\main\scala\DataBase.scala. Using presentation compiler with project's scala-library version: 3.3.7
mars 09, 2026 2:05:14 PM org.eclipse.lsp4j.jsonrpc.RemoteEndpoint handleCancellation
WARNING: Unmatched cancel notification for request id 532
2026.03.09 14:05:15 INFO  no build target found for C:\Users\DELL\OneDrive\Bureau\sorbonne\M2\S2\PPC\mozartGame_code\src\main\scala\DataBase.scala. Using presentation compiler with project's scala-library version: 3.3.7
2026.03.09 14:05:15 INFO  no build target found for C:\Users\DELL\OneDrive\Bureau\sorbonne\M2\S2\PPC\mozartGame_code\src\main\scala\DataBase.scala. Using presentation compiler with project's scala-library version: 3.3.7
2026.03.09 14:05:16 INFO  no build target found for C:\Users\DELL\OneDrive\Bureau\sorbonne\M2\S2\PPC\mozartGame_code\src\main\scala\DataBase.scala. Using presentation compiler with project's scala-library version: 3.3.7
2026.03.09 14:05:21 INFO  no build target found for C:\Users\DELL\OneDrive\Bureau\sorbonne\M2\S2\PPC\mozartGame_code\src\main\scala\DataBase.scala. Using presentation compiler with project's scala-library version: 3.3.7
2026.03.09 14:06:41 INFO  no build target found for C:\Users\DELL\OneDrive\Bureau\sorbonne\M2\S2\PPC\mozartGame_code\src\main\scala\DataBase.scala. Using presentation compiler with project's scala-library version: 3.3.7
2026.03.09 14:09:10 INFO  no build target found for C:\Users\DELL\OneDrive\Bureau\sorbonne\M2\S2\PPC\mozartGame_code\src\main\scala\DataBase.scala. Using presentation compiler with project's scala-library version: 3.3.7
2026.03.09 14:13:46 INFO  no build target found for C:\Users\DELL\OneDrive\Bureau\sorbonne\M2\S2\PPC\mozartGame_code\src\main\scala\DataBase.scala. Using presentation compiler with project's scala-library version: 3.3.7
2026.03.09 14:15:15 INFO  no build target found for C:\Users\DELL\OneDrive\Bureau\sorbonne\M2\S2\PPC\mozartGame_code\src\main\scala\DataBase.scala. Using presentation compiler with project's scala-library version: 3.3.7
2026.03.09 14:15:16 INFO  no build target found for C:\Users\DELL\OneDrive\Bureau\sorbonne\M2\S2\PPC\mozartGame_code\src\main\scala\DataBase.scala. Using presentation compiler with project's scala-library version: 3.3.7
2026.03.09 14:15:16 INFO  no build target found for C:\Users\DELL\OneDrive\Bureau\sorbonne\M2\S2\PPC\mozartGame_code\src\main\scala\DataBase.scala. Using presentation compiler with project's scala-library version: 3.3.7
2026.03.09 14:15:17 WARN  no build target for: C:\Users\DELL\OneDrive\Bureau\sorbonne\M2\S2\PPC\mozartGame_code\src\main\scala\DataBase.scala
2026.03.09 14:15:17 INFO  no build target found for C:\Users\DELL\OneDrive\Bureau\sorbonne\M2\S2\PPC\mozartGame_code\src\main\scala\DataBase.scala. Using presentation compiler with project's scala-library version: 3.3.7
2026.03.09 14:15:17 INFO  no build target found for C:\Users\DELL\OneDrive\Bureau\sorbonne\M2\S2\PPC\mozartGame_code\src\main\scala\DataBase.scala. Using presentation compiler with project's scala-library version: 3.3.7
2026.03.09 14:15:17 INFO  no build target found for C:\Users\DELL\OneDrive\Bureau\sorbonne\M2\S2\PPC\mozartGame_code\src\main\scala\DataBase.scala. Using presentation compiler with project's scala-library version: 3.3.7
2026.03.09 14:15:17 INFO  no build target found for C:\Users\DELL\OneDrive\Bureau\sorbonne\M2\S2\PPC\mozartGame_code\src\main\scala\DataBase.scala. Using presentation compiler with project's scala-library version: 3.3.7
2026.03.09 14:15:17 INFO  no build target found for C:\Users\DELL\OneDrive\Bureau\sorbonne\M2\S2\PPC\mozartGame_code\src\main\scala\DataBase.scala. Using presentation compiler with project's scala-library version: 3.3.7
2026.03.09 14:15:17 WARN  no build target for: C:\Users\DELL\OneDrive\Bureau\sorbonne\M2\S2\PPC\mozartGame_code\src\main\scala\DataBase.scala
2026.03.09 14:15:17 INFO  no build target found for C:\Users\DELL\OneDrive\Bureau\sorbonne\M2\S2\PPC\mozartGame_code\src\main\scala\DataBase.scala. Using presentation compiler with project's scala-library version: 3.3.7
2026.03.09 14:15:17 INFO  no build target found for C:\Users\DELL\OneDrive\Bureau\sorbonne\M2\S2\PPC\mozartGame_code\src\main\scala\DataBase.scala. Using presentation compiler with project's scala-library version: 3.3.7
2026.03.09 14:15:21 INFO  no build target found for C:\Users\DELL\OneDrive\Bureau\sorbonne\M2\S2\PPC\mozartGame_code\src\main\scala\DataBase.scala. Using presentation compiler with project's scala-library version: 3.3.7
2026.03.09 14:15:21 INFO  no build target found for C:\Users\DELL\OneDrive\Bureau\sorbonne\M2\S2\PPC\mozartGame_code\src\main\scala\DataBase.scala. Using presentation compiler with project's scala-library version: 3.3.7
2026.03.09 14:15:21 INFO  no build target found for C:\Users\DELL\OneDrive\Bureau\sorbonne\M2\S2\PPC\mozartGame_code\src\main\scala\DataBase.scala. Using presentation compiler with project's scala-library version: 3.3.7
2026.03.09 14:15:34 INFO  no build target found for C:\Users\DELL\OneDrive\Bureau\sorbonne\M2\S2\PPC\mozartGame_code\src\main\scala\DataBase.scala. Using presentation compiler with project's scala-library version: 3.3.7
2026.03.09 14:15:42 INFO  no build target found for C:\Users\DELL\OneDrive\Bureau\sorbonne\M2\S2\PPC\mozartGame_code\src\main\scala\DataBase.scala. Using presentation compiler with project's scala-library version: 3.3.7
mars 09, 2026 2:15:42 PM org.eclipse.lsp4j.jsonrpc.RemoteEndpoint handleCancellation
WARNING: Unmatched cancel notification for request id 640
2026.03.09 14:16:54 INFO  no build target found for C:\Users\DELL\OneDrive\Bureau\sorbonne\M2\S2\PPC\mozartGame_code\src\main\scala\DataBase.scala. Using presentation compiler with project's scala-library version: 3.3.7
2026.03.09 14:16:55 INFO  no build target found for C:\Users\DELL\OneDrive\Bureau\sorbonne\M2\S2\PPC\mozartGame_code\src\main\scala\DataBase.scala. Using presentation compiler with project's scala-library version: 3.3.7
2026.03.09 14:17:04 INFO  no build target found for C:\Users\DELL\OneDrive\Bureau\sorbonne\M2\S2\PPC\mozartGame_code\src\main\scala\DataBase.scala. Using presentation compiler with project's scala-library version: 3.3.7
2026.03.09 14:17:10 INFO  no build target found for C:\Users\DELL\OneDrive\Bureau\sorbonne\M2\S2\PPC\mozartGame_code\src\main\scala\DataBase.scala. Using presentation compiler with project's scala-library version: 3.3.7
2026.03.09 14:17:12 INFO  no build target found for C:\Users\DELL\OneDrive\Bureau\sorbonne\M2\S2\PPC\mozartGame_code\src\main\scala\DataBase.scala. Using presentation compiler with project's scala-library version: 3.3.7
2026.03.09 14:17:17 INFO  no build target found for C:\Users\DELL\OneDrive\Bureau\sorbonne\M2\S2\PPC\mozartGame_code\src\main\scala\DataBase.scala. Using presentation compiler with project's scala-library version: 3.3.7
2026.03.09 14:17:17 INFO  no build target found for C:\Users\DELL\OneDrive\Bureau\sorbonne\M2\S2\PPC\mozartGame_code\src\main\scala\DataBase.scala. Using presentation compiler with project's scala-library version: 3.3.7
2026.03.09 14:17:17 INFO  no build target found for C:\Users\DELL\OneDrive\Bureau\sorbonne\M2\S2\PPC\mozartGame_code\src\main\scala\DataBase.scala. Using presentation compiler with project's scala-library version: 3.3.7
2026.03.09 14:19:41 INFO  no build target found for C:\Users\DELL\OneDrive\Bureau\sorbonne\M2\S2\PPC\mozartGame_code\src\main\scala\DataBase.scala. Using presentation compiler with project's scala-library version: 3.3.7
2026.03.09 14:19:41 INFO  no build target found for C:\Users\DELL\OneDrive\Bureau\sorbonne\M2\S2\PPC\mozartGame_code\src\main\scala\DataBase.scala. Using presentation compiler with project's scala-library version: 3.3.7
2026.03.09 14:19:41 INFO  no build target found for C:\Users\DELL\OneDrive\Bureau\sorbonne\M2\S2\PPC\mozartGame_code\src\main\scala\DataBase.scala. Using presentation compiler with project's scala-library version: 3.3.7
2026.03.09 14:19:42 INFO  no build target found for C:\Users\DELL\OneDrive\Bureau\sorbonne\M2\S2\PPC\mozartGame_code\src\main\scala\DataBase.scala. Using presentation compiler with project's scala-library version: 3.3.7
2026.03.09 14:19:42 INFO  no build target found for C:\Users\DELL\OneDrive\Bureau\sorbonne\M2\S2\PPC\mozartGame_code\src\main\scala\DataBase.scala. Using presentation compiler with project's scala-library version: 3.3.7
2026.03.09 14:30:13 INFO  no build target found for C:\Users\DELL\OneDrive\Bureau\sorbonne\M2\S2\PPC\mozartGame_code\src\main\scala\DataBase.scala. Using presentation compiler with project's scala-library version: 3.3.7
2026.03.09 14:30:21 INFO  no build target found for C:\Users\DELL\OneDrive\Bureau\sorbonne\M2\S2\PPC\mozartGame_code\src\main\scala\DataBase.scala. Using presentation compiler with project's scala-library version: 3.3.7
2026.03.09 14:30:21 INFO  no build target found for C:\Users\DELL\OneDrive\Bureau\sorbonne\M2\S2\PPC\mozartGame_code\src\main\scala\DataBase.scala. Using presentation compiler with project's scala-library version: 3.3.7
2026.03.09 14:30:21 INFO  no build target found for C:\Users\DELL\OneDrive\Bureau\sorbonne\M2\S2\PPC\mozartGame_code\src\main\scala\DataBase.scala. Using presentation compiler with project's scala-library version: 3.3.7
2026.03.09 14:30:21 INFO  no build target found for C:\Users\DELL\OneDrive\Bureau\sorbonne\M2\S2\PPC\mozartGame_code\src\main\scala\DataBase.scala. Using presentation compiler with project's scala-library version: 3.3.7
2026.03.09 14:30:21 INFO  no build target found for C:\Users\DELL\OneDrive\Bureau\sorbonne\M2\S2\PPC\mozartGame_code\src\main\scala\DataBase.scala. Using presentation compiler with project's scala-library version: 3.3.7
2026.03.09 14:30:21 INFO  no build target found for C:\Users\DELL\OneDrive\Bureau\sorbonne\M2\S2\PPC\mozartGame_code\src\main\scala\DataBase.scala. Using presentation compiler with project's scala-library version: 3.3.7
2026.03.09 14:30:29 INFO  no build target found for C:\Users\DELL\OneDrive\Bureau\sorbonne\M2\S2\PPC\mozartGame_code\src\main\scala\DataBase.scala. Using presentation compiler with project's scala-library version: 3.3.7
2026.03.09 14:30:29 INFO  no build target found for C:\Users\DELL\OneDrive\Bureau\sorbonne\M2\S2\PPC\mozartGame_code\src\main\scala\DataBase.scala. Using presentation compiler with project's scala-library version: 3.3.7
2026.03.09 14:30:33 INFO  no build target found for C:\Users\DELL\OneDrive\Bureau\sorbonne\M2\S2\PPC\mozartGame_code\src\main\scala\DataBase.scala. Using presentation compiler with project's scala-library version: 3.3.7
2026.03.09 14:30:33 INFO  no build target found for C:\Users\DELL\OneDrive\Bureau\sorbonne\M2\S2\PPC\mozartGame_code\src\main\scala\DataBase.scala. Using presentation compiler with project's scala-library version: 3.3.7
2026.03.09 14:30:37 INFO  no build target found for C:\Users\DELL\OneDrive\Bureau\sorbonne\M2\S2\PPC\mozartGame_code\src\main\scala\DataBase.scala. Using presentation compiler with project's scala-library version: 3.3.7
2026.03.09 14:30:37 INFO  no build target found for C:\Users\DELL\OneDrive\Bureau\sorbonne\M2\S2\PPC\mozartGame_code\src\main\scala\DataBase.scala. Using presentation compiler with project's scala-library version: 3.3.7
2026.03.09 14:30:37 INFO  no build target found for C:\Users\DELL\OneDrive\Bureau\sorbonne\M2\S2\PPC\mozartGame_code\src\main\scala\DataBase.scala. Using presentation compiler with project's scala-library version: 3.3.7
2026.03.09 14:30:37 INFO  no build target found for C:\Users\DELL\OneDrive\Bureau\sorbonne\M2\S2\PPC\mozartGame_code\src\main\scala\DataBase.scala. Using presentation compiler with project's scala-library version: 3.3.7
2026.03.09 14:30:37 INFO  no build target found for C:\Users\DELL\OneDrive\Bureau\sorbonne\M2\S2\PPC\mozartGame_code\src\main\scala\DataBase.scala. Using presentation compiler with project's scala-library version: 3.3.7
2026.03.09 14:30:38 INFO  no build target found for C:\Users\DELL\OneDrive\Bureau\sorbonne\M2\S2\PPC\mozartGame_code\src\main\scala\DataBase.scala. Using presentation compiler with project's scala-library version: 3.3.7
2026.03.09 14:30:38 INFO  no build target found for C:\Users\DELL\OneDrive\Bureau\sorbonne\M2\S2\PPC\mozartGame_code\src\main\scala\DataBase.scala. Using presentation compiler with project's scala-library version: 3.3.7
2026.03.09 14:30:38 INFO  no build target found for C:\Users\DELL\OneDrive\Bureau\sorbonne\M2\S2\PPC\mozartGame_code\src\main\scala\DataBase.scala. Using presentation compiler with project's scala-library version: 3.3.7
2026.03.09 14:30:38 INFO  no build target found for C:\Users\DELL\OneDrive\Bureau\sorbonne\M2\S2\PPC\mozartGame_code\src\main\scala\DataBase.scala. Using presentation compiler with project's scala-library version: 3.3.7
2026.03.09 14:30:38 INFO  no build target found for C:\Users\DELL\OneDrive\Bureau\sorbonne\M2\S2\PPC\mozartGame_code\src\main\scala\DataBase.scala. Using presentation compiler with project's scala-library version: 3.3.7
2026.03.09 14:30:38 INFO  no build target found for C:\Users\DELL\OneDrive\Bureau\sorbonne\M2\S2\PPC\mozartGame_code\src\main\scala\DataBase.scala. Using presentation compiler with project's scala-library version: 3.3.7
2026.03.09 14:30:39 INFO  no build target found for C:\Users\DELL\OneDrive\Bureau\sorbonne\M2\S2\PPC\mozartGame_code\src\main\scala\DataBase.scala. Using presentation compiler with project's scala-library version: 3.3.7
2026.03.09 14:30:39 INFO  no build target found for C:\Users\DELL\OneDrive\Bureau\sorbonne\M2\S2\PPC\mozartGame_code\src\main\scala\DataBase.scala. Using presentation compiler with project's scala-library version: 3.3.7
2026.03.09 14:30:39 INFO  no build target found for C:\Users\DELL\OneDrive\Bureau\sorbonne\M2\S2\PPC\mozartGame_code\src\main\scala\DataBase.scala. Using presentation compiler with project's scala-library version: 3.3.7
2026.03.09 14:30:39 INFO  no build target found for C:\Users\DELL\OneDrive\Bureau\sorbonne\M2\S2\PPC\mozartGame_code\src\main\scala\DataBase.scala. Using presentation compiler with project's scala-library version: 3.3.7
2026.03.09 14:30:39 INFO  no build target found for C:\Users\DELL\OneDrive\Bureau\sorbonne\M2\S2\PPC\mozartGame_code\src\main\scala\DataBase.scala. Using presentation compiler with project's scala-library version: 3.3.7
2026.03.09 14:30:39 INFO  no build target found for C:\Users\DELL\OneDrive\Bureau\sorbonne\M2\S2\PPC\mozartGame_code\src\main\scala\DataBase.scala. Using presentation compiler with project's scala-library version: 3.3.7
2026.03.09 14:30:39 INFO  no build target found for C:\Users\DELL\OneDrive\Bureau\sorbonne\M2\S2\PPC\mozartGame_code\src\main\scala\DataBase.scala. Using presentation compiler with project's scala-library version: 3.3.7
2026.03.09 14:30:40 INFO  no build target found for C:\Users\DELL\OneDrive\Bureau\sorbonne\M2\S2\PPC\mozartGame_code\src\main\scala\DataBase.scala. Using presentation compiler with project's scala-library version: 3.3.7
2026.03.09 14:30:40 INFO  no build target found for C:\Users\DELL\OneDrive\Bureau\sorbonne\M2\S2\PPC\mozartGame_code\src\main\scala\DataBase.scala. Using presentation compiler with project's scala-library version: 3.3.7
2026.03.09 14:30:40 INFO  no build target found for C:\Users\DELL\OneDrive\Bureau\sorbonne\M2\S2\PPC\mozartGame_code\src\main\scala\DataBase.scala. Using presentation compiler with project's scala-library version: 3.3.7
2026.03.09 14:30:40 INFO  no build target found for C:\Users\DELL\OneDrive\Bureau\sorbonne\M2\S2\PPC\mozartGame_code\src\main\scala\DataBase.scala. Using presentation compiler with project's scala-library version: 3.3.7
2026.03.09 14:30:40 INFO  no build target found for C:\Users\DELL\OneDrive\Bureau\sorbonne\M2\S2\PPC\mozartGame_code\src\main\scala\DataBase.scala. Using presentation compiler with project's scala-library version: 3.3.7
2026.03.09 14:30:40 INFO  no build target found for C:\Users\DELL\OneDrive\Bureau\sorbonne\M2\S2\PPC\mozartGame_code\src\main\scala\DataBase.scala. Using presentation compiler with project's scala-library version: 3.3.7
2026.03.09 14:30:41 INFO  no build target found for C:\Users\DELL\OneDrive\Bureau\sorbonne\M2\S2\PPC\mozartGame_code\src\main\scala\DataBase.scala. Using presentation compiler with project's scala-library version: 3.3.7
2026.03.09 14:30:41 INFO  no build target found for C:\Users\DELL\OneDrive\Bureau\sorbonne\M2\S2\PPC\mozartGame_code\src\main\scala\DataBase.scala. Using presentation compiler with project's scala-library version: 3.3.7
2026.03.09 14:30:41 INFO  no build target found for C:\Users\DELL\OneDrive\Bureau\sorbonne\M2\S2\PPC\mozartGame_code\src\main\scala\DataBase.scala. Using presentation compiler with project's scala-library version: 3.3.7
2026.03.09 14:30:41 INFO  no build target found for C:\Users\DELL\OneDrive\Bureau\sorbonne\M2\S2\PPC\mozartGame_code\src\main\scala\DataBase.scala. Using presentation compiler with project's scala-library version: 3.3.7
2026.03.09 14:30:41 INFO  no build target found for C:\Users\DELL\OneDrive\Bureau\sorbonne\M2\S2\PPC\mozartGame_code\src\main\scala\DataBase.scala. Using presentation compiler with project's scala-library version: 3.3.7
2026.03.09 14:30:41 INFO  no build target found for C:\Users\DELL\OneDrive\Bureau\sorbonne\M2\S2\PPC\mozartGame_code\src\main\scala\DataBase.scala. Using presentation compiler with project's scala-library version: 3.3.7
2026.03.09 14:30:42 INFO  no build target found for C:\Users\DELL\OneDrive\Bureau\sorbonne\M2\S2\PPC\mozartGame_code\src\main\scala\DataBase.scala. Using presentation compiler with project's scala-library version: 3.3.7
2026.03.09 14:30:42 INFO  no build target found for C:\Users\DELL\OneDrive\Bureau\sorbonne\M2\S2\PPC\mozartGame_code\src\main\scala\DataBase.scala. Using presentation compiler with project's scala-library version: 3.3.7
2026.03.09 14:30:42 INFO  no build target found for C:\Users\DELL\OneDrive\Bureau\sorbonne\M2\S2\PPC\mozartGame_code\src\main\scala\DataBase.scala. Using presentation compiler with project's scala-library version: 3.3.7
2026.03.09 14:30:42 INFO  no build target found for C:\Users\DELL\OneDrive\Bureau\sorbonne\M2\S2\PPC\mozartGame_code\src\main\scala\DataBase.scala. Using presentation compiler with project's scala-library version: 3.3.7
2026.03.09 14:30:42 INFO  no build target found for C:\Users\DELL\OneDrive\Bureau\sorbonne\M2\S2\PPC\mozartGame_code\src\main\scala\DataBase.scala. Using presentation compiler with project's scala-library version: 3.3.7
2026.03.09 14:30:42 INFO  no build target found for C:\Users\DELL\OneDrive\Bureau\sorbonne\M2\S2\PPC\mozartGame_code\src\main\scala\DataBase.scala. Using presentation compiler with project's scala-library version: 3.3.7
2026.03.09 14:30:43 INFO  no build target found for C:\Users\DELL\OneDrive\Bureau\sorbonne\M2\S2\PPC\mozartGame_code\src\main\scala\DataBase.scala. Using presentation compiler with project's scala-library version: 3.3.7
2026.03.09 14:30:43 INFO  no build target found for C:\Users\DELL\OneDrive\Bureau\sorbonne\M2\S2\PPC\mozartGame_code\src\main\scala\DataBase.scala. Using presentation compiler with project's scala-library version: 3.3.7
2026.03.09 14:30:43 INFO  no build target found for C:\Users\DELL\OneDrive\Bureau\sorbonne\M2\S2\PPC\mozartGame_code\src\main\scala\DataBase.scala. Using presentation compiler with project's scala-library version: 3.3.7
2026.03.09 14:30:43 INFO  no build target found for C:\Users\DELL\OneDrive\Bureau\sorbonne\M2\S2\PPC\mozartGame_code\src\main\scala\DataBase.scala. Using presentation compiler with project's scala-library version: 3.3.7
2026.03.09 14:30:43 INFO  no build target found for C:\Users\DELL\OneDrive\Bureau\sorbonne\M2\S2\PPC\mozartGame_code\src\main\scala\DataBase.scala. Using presentation compiler with project's scala-library version: 3.3.7
2026.03.09 14:30:43 INFO  no build target found for C:\Users\DELL\OneDrive\Bureau\sorbonne\M2\S2\PPC\mozartGame_code\src\main\scala\DataBase.scala. Using presentation compiler with project's scala-library version: 3.3.7
2026.03.09 14:30:43 INFO  no build target found for C:\Users\DELL\OneDrive\Bureau\sorbonne\M2\S2\PPC\mozartGame_code\src\main\scala\DataBase.scala. Using presentation compiler with project's scala-library version: 3.3.7
2026.03.09 14:30:45 INFO  no build target found for C:\Users\DELL\OneDrive\Bureau\sorbonne\M2\S2\PPC\mozartGame_code\src\main\scala\DataBase.scala. Using presentation compiler with project's scala-library version: 3.3.7
2026.03.09 14:30:45 INFO  no build target found for C:\Users\DELL\OneDrive\Bureau\sorbonne\M2\S2\PPC\mozartGame_code\src\main\scala\DataBase.scala. Using presentation compiler with project's scala-library version: 3.3.7
2026.03.09 14:30:45 INFO  no build target found for C:\Users\DELL\OneDrive\Bureau\sorbonne\M2\S2\PPC\mozartGame_code\src\main\scala\DataBase.scala. Using presentation compiler with project's scala-library version: 3.3.7
2026.03.09 14:30:45 INFO  no build target found for C:\Users\DELL\OneDrive\Bureau\sorbonne\M2\S2\PPC\mozartGame_code\src\main\scala\DataBase.scala. Using presentation compiler with project's scala-library version: 3.3.7
2026.03.09 14:30:45 INFO  no build target found for C:\Users\DELL\OneDrive\Bureau\sorbonne\M2\S2\PPC\mozartGame_code\src\main\scala\DataBase.scala. Using presentation compiler with project's scala-library version: 3.3.7
2026.03.09 14:30:45 INFO  no build target found for C:\Users\DELL\OneDrive\Bureau\sorbonne\M2\S2\PPC\mozartGame_code\src\main\scala\DataBase.scala. Using presentation compiler with project's scala-library version: 3.3.7
2026.03.09 14:30:45 INFO  no build target found for C:\Users\DELL\OneDrive\Bureau\sorbonne\M2\S2\PPC\mozartGame_code\src\main\scala\DataBase.scala. Using presentation compiler with project's scala-library version: 3.3.7
2026.03.09 14:30:46 INFO  no build target found for C:\Users\DELL\OneDrive\Bureau\sorbonne\M2\S2\PPC\mozartGame_code\src\main\scala\DataBase.scala. Using presentation compiler with project's scala-library version: 3.3.7
2026.03.09 14:30:46 INFO  no build target found for C:\Users\DELL\OneDrive\Bureau\sorbonne\M2\S2\PPC\mozartGame_code\src\main\scala\DataBase.scala. Using presentation compiler with project's scala-library version: 3.3.7
2026.03.09 14:30:46 INFO  no build target found for C:\Users\DELL\OneDrive\Bureau\sorbonne\M2\S2\PPC\mozartGame_code\src\main\scala\DataBase.scala. Using presentation compiler with project's scala-library version: 3.3.7
2026.03.09 14:30:46 INFO  no build target found for C:\Users\DELL\OneDrive\Bureau\sorbonne\M2\S2\PPC\mozartGame_code\src\main\scala\DataBase.scala. Using presentation compiler with project's scala-library version: 3.3.7
2026.03.09 14:30:46 INFO  no build target found for C:\Users\DELL\OneDrive\Bureau\sorbonne\M2\S2\PPC\mozartGame_code\src\main\scala\DataBase.scala. Using presentation compiler with project's scala-library version: 3.3.7
2026.03.09 14:30:46 INFO  no build target found for C:\Users\DELL\OneDrive\Bureau\sorbonne\M2\S2\PPC\mozartGame_code\src\main\scala\DataBase.scala. Using presentation compiler with project's scala-library version: 3.3.7
2026.03.09 14:30:46 INFO  no build target found for C:\Users\DELL\OneDrive\Bureau\sorbonne\M2\S2\PPC\mozartGame_code\src\main\scala\DataBase.scala. Using presentation compiler with project's scala-library version: 3.3.7
2026.03.09 14:30:46 INFO  no build target found for C:\Users\DELL\OneDrive\Bureau\sorbonne\M2\S2\PPC\mozartGame_code\src\main\scala\DataBase.scala. Using presentation compiler with project's scala-library version: 3.3.7
2026.03.09 14:30:46 INFO  no build target found for C:\Users\DELL\OneDrive\Bureau\sorbonne\M2\S2\PPC\mozartGame_code\src\main\scala\DataBase.scala. Using presentation compiler with project's scala-library version: 3.3.7
2026.03.09 14:30:47 INFO  no build target found for C:\Users\DELL\OneDrive\Bureau\sorbonne\M2\S2\PPC\mozartGame_code\src\main\scala\DataBase.scala. Using presentation compiler with project's scala-library version: 3.3.7
2026.03.09 14:30:47 INFO  no build target found for C:\Users\DELL\OneDrive\Bureau\sorbonne\M2\S2\PPC\mozartGame_code\src\main\scala\DataBase.scala. Using presentation compiler with project's scala-library version: 3.3.7
2026.03.09 14:30:47 INFO  no build target found for C:\Users\DELL\OneDrive\Bureau\sorbonne\M2\S2\PPC\mozartGame_code\src\main\scala\DataBase.scala. Using presentation compiler with project's scala-library version: 3.3.7
2026.03.09 14:30:47 INFO  no build target found for C:\Users\DELL\OneDrive\Bureau\sorbonne\M2\S2\PPC\mozartGame_code\src\main\scala\DataBase.scala. Using presentation compiler with project's scala-library version: 3.3.7
2026.03.09 14:30:47 INFO  no build target found for C:\Users\DELL\OneDrive\Bureau\sorbonne\M2\S2\PPC\mozartGame_code\src\main\scala\DataBase.scala. Using presentation compiler with project's scala-library version: 3.3.7
2026.03.09 14:30:47 INFO  no build target found for C:\Users\DELL\OneDrive\Bureau\sorbonne\M2\S2\PPC\mozartGame_code\src\main\scala\DataBase.scala. Using presentation compiler with project's scala-library version: 3.3.7
2026.03.09 14:30:48 INFO  no build target found for C:\Users\DELL\OneDrive\Bureau\sorbonne\M2\S2\PPC\mozartGame_code\src\main\scala\DataBase.scala. Using presentation compiler with project's scala-library version: 3.3.7
2026.03.09 14:30:48 INFO  no build target found for C:\Users\DELL\OneDrive\Bureau\sorbonne\M2\S2\PPC\mozartGame_code\src\main\scala\DataBase.scala. Using presentation compiler with project's scala-library version: 3.3.7
2026.03.09 14:30:48 INFO  no build target found for C:\Users\DELL\OneDrive\Bureau\sorbonne\M2\S2\PPC\mozartGame_code\src\main\scala\DataBase.scala. Using presentation compiler with project's scala-library version: 3.3.7
2026.03.09 14:30:48 INFO  no build target found for C:\Users\DELL\OneDrive\Bureau\sorbonne\M2\S2\PPC\mozartGame_code\src\main\scala\DataBase.scala. Using presentation compiler with project's scala-library version: 3.3.7
2026.03.09 14:30:48 INFO  no build target found for C:\Users\DELL\OneDrive\Bureau\sorbonne\M2\S2\PPC\mozartGame_code\src\main\scala\DataBase.scala. Using presentation compiler with project's scala-library version: 3.3.7
2026.03.09 14:30:48 INFO  no build target found for C:\Users\DELL\OneDrive\Bureau\sorbonne\M2\S2\PPC\mozartGame_code\src\main\scala\DataBase.scala. Using presentation compiler with project's scala-library version: 3.3.7
2026.03.09 14:30:48 INFO  no build target found for C:\Users\DELL\OneDrive\Bureau\sorbonne\M2\S2\PPC\mozartGame_code\src\main\scala\DataBase.scala. Using presentation compiler with project's scala-library version: 3.3.7
2026.03.09 14:30:49 INFO  no build target found for C:\Users\DELL\OneDrive\Bureau\sorbonne\M2\S2\PPC\mozartGame_code\src\main\scala\DataBase.scala. Using presentation compiler with project's scala-library version: 3.3.7
2026.03.09 14:30:49 INFO  no build target found for C:\Users\DELL\OneDrive\Bureau\sorbonne\M2\S2\PPC\mozartGame_code\src\main\scala\DataBase.scala. Using presentation compiler with project's scala-library version: 3.3.7
2026.03.09 14:30:49 INFO  no build target found for C:\Users\DELL\OneDrive\Bureau\sorbonne\M2\S2\PPC\mozartGame_code\src\main\scala\DataBase.scala. Using presentation compiler with project's scala-library version: 3.3.7
2026.03.09 14:30:49 INFO  no build target found for C:\Users\DELL\OneDrive\Bureau\sorbonne\M2\S2\PPC\mozartGame_code\src\main\scala\DataBase.scala. Using presentation compiler with project's scala-library version: 3.3.7
2026.03.09 14:30:49 INFO  no build target found for C:\Users\DELL\OneDrive\Bureau\sorbonne\M2\S2\PPC\mozartGame_code\src\main\scala\DataBase.scala. Using presentation compiler with project's scala-library version: 3.3.7
2026.03.09 14:30:49 INFO  no build target found for C:\Users\DELL\OneDrive\Bureau\sorbonne\M2\S2\PPC\mozartGame_code\src\main\scala\DataBase.scala. Using presentation compiler with project's scala-library version: 3.3.7
2026.03.09 14:30:50 INFO  no build target found for C:\Users\DELL\OneDrive\Bureau\sorbonne\M2\S2\PPC\mozartGame_code\src\main\scala\DataBase.scala. Using presentation compiler with project's scala-library version: 3.3.7
2026.03.09 14:30:50 INFO  no build target found for C:\Users\DELL\OneDrive\Bureau\sorbonne\M2\S2\PPC\mozartGame_code\src\main\scala\DataBase.scala. Using presentation compiler with project's scala-library version: 3.3.7
2026.03.09 14:30:50 INFO  no build target found for C:\Users\DELL\OneDrive\Bureau\sorbonne\M2\S2\PPC\mozartGame_code\src\main\scala\DataBase.scala. Using presentation compiler with project's scala-library version: 3.3.7
2026.03.09 14:30:51 INFO  no build target found for C:\Users\DELL\OneDrive\Bureau\sorbonne\M2\S2\PPC\mozartGame_code\src\main\scala\DataBase.scala. Using presentation compiler with project's scala-library version: 3.3.7
2026.03.09 14:30:51 INFO  no build target found for C:\Users\DELL\OneDrive\Bureau\sorbonne\M2\S2\PPC\mozartGame_code\src\main\scala\DataBase.scala. Using presentation compiler with project's scala-library version: 3.3.7
2026.03.09 14:30:54 INFO  no build target found for C:\Users\DELL\OneDrive\Bureau\sorbonne\M2\S2\PPC\mozartGame_code\src\main\scala\DataBase.scala. Using presentation compiler with project's scala-library version: 3.3.7
2026.03.09 14:30:54 INFO  no build target found for C:\Users\DELL\OneDrive\Bureau\sorbonne\M2\S2\PPC\mozartGame_code\src\main\scala\DataBase.scala. Using presentation compiler with project's scala-library version: 3.3.7
2026.03.09 14:30:54 INFO  no build target found for C:\Users\DELL\OneDrive\Bureau\sorbonne\M2\S2\PPC\mozartGame_code\src\main\scala\DataBase.scala. Using presentation compiler with project's scala-library version: 3.3.7
2026.03.09 14:30:54 INFO  no build target found for C:\Users\DELL\OneDrive\Bureau\sorbonne\M2\S2\PPC\mozartGame_code\src\main\scala\DataBase.scala. Using presentation compiler with project's scala-library version: 3.3.7
2026.03.09 14:30:54 INFO  no build target found for C:\Users\DELL\OneDrive\Bureau\sorbonne\M2\S2\PPC\mozartGame_code\src\main\scala\DataBase.scala. Using presentation compiler with project's scala-library version: 3.3.7
2026.03.09 14:30:54 INFO  no build target found for C:\Users\DELL\OneDrive\Bureau\sorbonne\M2\S2\PPC\mozartGame_code\src\main\scala\DataBase.scala. Using presentation compiler with project's scala-library version: 3.3.7
2026.03.09 14:30:56 INFO  no build target found for C:\Users\DELL\OneDrive\Bureau\sorbonne\M2\S2\PPC\mozartGame_code\src\main\scala\DataBase.scala. Using presentation compiler with project's scala-library version: 3.3.7
2026.03.09 14:30:56 INFO  no build target found for C:\Users\DELL\OneDrive\Bureau\sorbonne\M2\S2\PPC\mozartGame_code\src\main\scala\DataBase.scala. Using presentation compiler with project's scala-library version: 3.3.7
2026.03.09 14:30:56 INFO  no build target found for C:\Users\DELL\OneDrive\Bureau\sorbonne\M2\S2\PPC\mozartGame_code\src\main\scala\DataBase.scala. Using presentation compiler with project's scala-library version: 3.3.7
2026.03.09 14:30:56 INFO  no build target found for C:\Users\DELL\OneDrive\Bureau\sorbonne\M2\S2\PPC\mozartGame_code\src\main\scala\DataBase.scala. Using presentation compiler with project's scala-library version: 3.3.7
2026.03.09 14:30:56 INFO  no build target found for C:\Users\DELL\OneDrive\Bureau\sorbonne\M2\S2\PPC\mozartGame_code\src\main\scala\DataBase.scala. Using presentation compiler with project's scala-library version: 3.3.7
2026.03.09 14:30:57 INFO  no build target found for C:\Users\DELL\OneDrive\Bureau\sorbonne\M2\S2\PPC\mozartGame_code\src\main\scala\DataBase.scala. Using presentation compiler with project's scala-library version: 3.3.7
2026.03.09 14:30:57 INFO  no build target found for C:\Users\DELL\OneDrive\Bureau\sorbonne\M2\S2\PPC\mozartGame_code\src\main\scala\DataBase.scala. Using presentation compiler with project's scala-library version: 3.3.7
2026.03.09 14:30:57 INFO  no build target found for C:\Users\DELL\OneDrive\Bureau\sorbonne\M2\S2\PPC\mozartGame_code\src\main\scala\DataBase.scala. Using presentation compiler with project's scala-library version: 3.3.7
2026.03.09 14:30:57 INFO  no build target found for C:\Users\DELL\OneDrive\Bureau\sorbonne\M2\S2\PPC\mozartGame_code\src\main\scala\DataBase.scala. Using presentation compiler with project's scala-library version: 3.3.7
2026.03.09 14:30:57 INFO  no build target found for C:\Users\DELL\OneDrive\Bureau\sorbonne\M2\S2\PPC\mozartGame_code\src\main\scala\DataBase.scala. Using presentation compiler with project's scala-library version: 3.3.7
2026.03.09 14:30:58 INFO  no build target found for C:\Users\DELL\OneDrive\Bureau\sorbonne\M2\S2\PPC\mozartGame_code\src\main\scala\DataBase.scala. Using presentation compiler with project's scala-library version: 3.3.7
2026.03.09 14:30:58 INFO  no build target found for C:\Users\DELL\OneDrive\Bureau\sorbonne\M2\S2\PPC\mozartGame_code\src\main\scala\DataBase.scala. Using presentation compiler with project's scala-library version: 3.3.7
2026.03.09 14:30:58 INFO  no build target found for C:\Users\DELL\OneDrive\Bureau\sorbonne\M2\S2\PPC\mozartGame_code\src\main\scala\DataBase.scala. Using presentation compiler with project's scala-library version: 3.3.7
2026.03.09 14:30:58 INFO  no build target found for C:\Users\DELL\OneDrive\Bureau\sorbonne\M2\S2\PPC\mozartGame_code\src\main\scala\DataBase.scala. Using presentation compiler with project's scala-library version: 3.3.7
2026.03.09 14:30:58 INFO  no build target found for C:\Users\DELL\OneDrive\Bureau\sorbonne\M2\S2\PPC\mozartGame_code\src\main\scala\DataBase.scala. Using presentation compiler with project's scala-library version: 3.3.7
2026.03.09 14:30:58 INFO  no build target found for C:\Users\DELL\OneDrive\Bureau\sorbonne\M2\S2\PPC\mozartGame_code\src\main\scala\DataBase.scala. Using presentation compiler with project's scala-library version: 3.3.7
2026.03.09 14:30:59 INFO  no build target found for C:\Users\DELL\OneDrive\Bureau\sorbonne\M2\S2\PPC\mozartGame_code\src\main\scala\DataBase.scala. Using presentation compiler with project's scala-library version: 3.3.7
2026.03.09 14:30:59 INFO  no build target found for C:\Users\DELL\OneDrive\Bureau\sorbonne\M2\S2\PPC\mozartGame_code\src\main\scala\DataBase.scala. Using presentation compiler with project's scala-library version: 3.3.7
2026.03.09 14:30:59 INFO  no build target found for C:\Users\DELL\OneDrive\Bureau\sorbonne\M2\S2\PPC\mozartGame_code\src\main\scala\DataBase.scala. Using presentation compiler with project's scala-library version: 3.3.7
2026.03.09 14:31:00 INFO  no build target found for C:\Users\DELL\OneDrive\Bureau\sorbonne\M2\S2\PPC\mozartGame_code\src\main\scala\DataBase.scala. Using presentation compiler with project's scala-library version: 3.3.7
2026.03.09 14:31:00 INFO  no build target found for C:\Users\DELL\OneDrive\Bureau\sorbonne\M2\S2\PPC\mozartGame_code\src\main\scala\DataBase.scala. Using presentation compiler with project's scala-library version: 3.3.7
2026.03.09 14:31:00 INFO  no build target found for C:\Users\DELL\OneDrive\Bureau\sorbonne\M2\S2\PPC\mozartGame_code\src\main\scala\DataBase.scala. Using presentation compiler with project's scala-library version: 3.3.7
2026.03.09 14:31:00 INFO  no build target found for C:\Users\DELL\OneDrive\Bureau\sorbonne\M2\S2\PPC\mozartGame_code\src\main\scala\DataBase.scala. Using presentation compiler with project's scala-library version: 3.3.7
2026.03.09 14:31:00 INFO  no build target found for C:\Users\DELL\OneDrive\Bureau\sorbonne\M2\S2\PPC\mozartGame_code\src\main\scala\DataBase.scala. Using presentation compiler with project's scala-library version: 3.3.7
2026.03.09 14:31:00 INFO  no build target found for C:\Users\DELL\OneDrive\Bureau\sorbonne\M2\S2\PPC\mozartGame_code\src\main\scala\DataBase.scala. Using presentation compiler with project's scala-library version: 3.3.7
2026.03.09 14:31:00 INFO  no build target found for C:\Users\DELL\OneDrive\Bureau\sorbonne\M2\S2\PPC\mozartGame_code\src\main\scala\DataBase.scala. Using presentation compiler with project's scala-library version: 3.3.7
2026.03.09 14:31:01 INFO  no build target found for C:\Users\DELL\OneDrive\Bureau\sorbonne\M2\S2\PPC\mozartGame_code\src\main\scala\DataBase.scala. Using presentation compiler with project's scala-library version: 3.3.7
2026.03.09 14:31:01 INFO  no build target found for C:\Users\DELL\OneDrive\Bureau\sorbonne\M2\S2\PPC\mozartGame_code\src\main\scala\DataBase.scala. Using presentation compiler with project's scala-library version: 3.3.7
2026.03.09 14:31:01 INFO  no build target found for C:\Users\DELL\OneDrive\Bureau\sorbonne\M2\S2\PPC\mozartGame_code\src\main\scala\DataBase.scala. Using presentation compiler with project's scala-library version: 3.3.7
2026.03.09 14:31:01 INFO  no build target found for C:\Users\DELL\OneDrive\Bureau\sorbonne\M2\S2\PPC\mozartGame_code\src\main\scala\DataBase.scala. Using presentation compiler with project's scala-library version: 3.3.7
2026.03.09 14:31:01 INFO  no build target found for C:\Users\DELL\OneDrive\Bureau\sorbonne\M2\S2\PPC\mozartGame_code\src\main\scala\DataBase.scala. Using presentation compiler with project's scala-library version: 3.3.7
2026.03.09 14:31:01 INFO  no build target found for C:\Users\DELL\OneDrive\Bureau\sorbonne\M2\S2\PPC\mozartGame_code\src\main\scala\DataBase.scala. Using presentation compiler with project's scala-library version: 3.3.7
2026.03.09 14:31:02 INFO  no build target found for C:\Users\DELL\OneDrive\Bureau\sorbonne\M2\S2\PPC\mozartGame_code\src\main\scala\DataBase.scala. Using presentation compiler with project's scala-library version: 3.3.7
2026.03.09 14:31:02 INFO  no build target found for C:\Users\DELL\OneDrive\Bureau\sorbonne\M2\S2\PPC\mozartGame_code\src\main\scala\DataBase.scala. Using presentation compiler with project's scala-library version: 3.3.7
2026.03.09 14:31:02 INFO  no build target found for C:\Users\DELL\OneDrive\Bureau\sorbonne\M2\S2\PPC\mozartGame_code\src\main\scala\DataBase.scala. Using presentation compiler with project's scala-library version: 3.3.7
2026.03.09 14:31:02 INFO  no build target found for C:\Users\DELL\OneDrive\Bureau\sorbonne\M2\S2\PPC\mozartGame_code\src\main\scala\DataBase.scala. Using presentation compiler with project's scala-library version: 3.3.7
2026.03.09 14:31:02 INFO  no build target found for C:\Users\DELL\OneDrive\Bureau\sorbonne\M2\S2\PPC\mozartGame_code\src\main\scala\DataBase.scala. Using presentation compiler with project's scala-library version: 3.3.7
2026.03.09 14:31:02 INFO  no build target found for C:\Users\DELL\OneDrive\Bureau\sorbonne\M2\S2\PPC\mozartGame_code\src\main\scala\DataBase.scala. Using presentation compiler with project's scala-library version: 3.3.7
2026.03.09 14:31:03 INFO  no build target found for C:\Users\DELL\OneDrive\Bureau\sorbonne\M2\S2\PPC\mozartGame_code\src\main\scala\DataBase.scala. Using presentation compiler with project's scala-library version: 3.3.7
2026.03.09 14:31:03 INFO  no build target found for C:\Users\DELL\OneDrive\Bureau\sorbonne\M2\S2\PPC\mozartGame_code\src\main\scala\DataBase.scala. Using presentation compiler with project's scala-library version: 3.3.7
2026.03.09 14:31:03 INFO  no build target found for C:\Users\DELL\OneDrive\Bureau\sorbonne\M2\S2\PPC\mozartGame_code\src\main\scala\DataBase.scala. Using presentation compiler with project's scala-library version: 3.3.7
2026.03.09 14:31:03 INFO  no build target found for C:\Users\DELL\OneDrive\Bureau\sorbonne\M2\S2\PPC\mozartGame_code\src\main\scala\DataBase.scala. Using presentation compiler with project's scala-library version: 3.3.7
2026.03.09 14:31:03 INFO  no build target found for C:\Users\DELL\OneDrive\Bureau\sorbonne\M2\S2\PPC\mozartGame_code\src\main\scala\DataBase.scala. Using presentation compiler with project's scala-library version: 3.3.7
2026.03.09 14:31:03 INFO  no build target found for C:\Users\DELL\OneDrive\Bureau\sorbonne\M2\S2\PPC\mozartGame_code\src\main\scala\DataBase.scala. Using presentation compiler with project's scala-library version: 3.3.7
2026.03.09 14:31:04 INFO  no build target found for C:\Users\DELL\OneDrive\Bureau\sorbonne\M2\S2\PPC\mozartGame_code\src\main\scala\DataBase.scala. Using presentation compiler with project's scala-library version: 3.3.7
2026.03.09 14:31:04 INFO  no build target found for C:\Users\DELL\OneDrive\Bureau\sorbonne\M2\S2\PPC\mozartGame_code\src\main\scala\DataBase.scala. Using presentation compiler with project's scala-library version: 3.3.7
2026.03.09 14:31:04 INFO  no build target found for C:\Users\DELL\OneDrive\Bureau\sorbonne\M2\S2\PPC\mozartGame_code\src\main\scala\DataBase.scala. Using presentation compiler with project's scala-library version: 3.3.7
2026.03.09 14:31:04 INFO  no build target found for C:\Users\DELL\OneDrive\Bureau\sorbonne\M2\S2\PPC\mozartGame_code\src\main\scala\DataBase.scala. Using presentation compiler with project's scala-library version: 3.3.7
2026.03.09 14:31:04 INFO  no build target found for C:\Users\DELL\OneDrive\Bureau\sorbonne\M2\S2\PPC\mozartGame_code\src\main\scala\DataBase.scala. Using presentation compiler with project's scala-library version: 3.3.7
2026.03.09 14:31:04 INFO  no build target found for C:\Users\DELL\OneDrive\Bureau\sorbonne\M2\S2\PPC\mozartGame_code\src\main\scala\DataBase.scala. Using presentation compiler with project's scala-library version: 3.3.7
2026.03.09 14:31:06 INFO  no build target found for C:\Users\DELL\OneDrive\Bureau\sorbonne\M2\S2\PPC\mozartGame_code\src\main\scala\DataBase.scala. Using presentation compiler with project's scala-library version: 3.3.7
2026.03.09 14:31:06 INFO  no build target found for C:\Users\DELL\OneDrive\Bureau\sorbonne\M2\S2\PPC\mozartGame_code\src\main\scala\DataBase.scala. Using presentation compiler with project's scala-library version: 3.3.7
2026.03.09 14:31:06 INFO  no build target found for C:\Users\DELL\OneDrive\Bureau\sorbonne\M2\S2\PPC\mozartGame_code\src\main\scala\DataBase.scala. Using presentation compiler with project's scala-library version: 3.3.7
2026.03.09 14:31:08 INFO  no build target found for C:\Users\DELL\OneDrive\Bureau\sorbonne\M2\S2\PPC\mozartGame_code\src\main\scala\DataBase.scala. Using presentation compiler with project's scala-library version: 3.3.7
2026.03.09 14:31:08 INFO  no build target found for C:\Users\DELL\OneDrive\Bureau\sorbonne\M2\S2\PPC\mozartGame_code\src\main\scala\DataBase.scala. Using presentation compiler with project's scala-library version: 3.3.7
2026.03.09 14:31:08 INFO  no build target found for C:\Users\DELL\OneDrive\Bureau\sorbonne\M2\S2\PPC\mozartGame_code\src\main\scala\DataBase.scala. Using presentation compiler with project's scala-library version: 3.3.7
2026.03.09 14:31:09 INFO  no build target found for C:\Users\DELL\OneDrive\Bureau\sorbonne\M2\S2\PPC\mozartGame_code\src\main\scala\DataBase.scala. Using presentation compiler with project's scala-library version: 3.3.7
2026.03.09 14:31:09 INFO  no build target found for C:\Users\DELL\OneDrive\Bureau\sorbonne\M2\S2\PPC\mozartGame_code\src\main\scala\DataBase.scala. Using presentation compiler with project's scala-library version: 3.3.7
2026.03.09 14:31:09 INFO  no build target found for C:\Users\DELL\OneDrive\Bureau\sorbonne\M2\S2\PPC\mozartGame_code\src\main\scala\DataBase.scala. Using presentation compiler with project's scala-library version: 3.3.7
2026.03.09 14:31:31 INFO  no build target found for C:\Users\DELL\OneDrive\Bureau\sorbonne\M2\S2\PPC\mozartGame_code\src\main\scala\DataBase.scala. Using presentation compiler with project's scala-library version: 3.3.7
2026.03.09 14:31:31 INFO  no build target found for C:\Users\DELL\OneDrive\Bureau\sorbonne\M2\S2\PPC\mozartGame_code\src\main\scala\DataBase.scala. Using presentation compiler with project's scala-library version: 3.3.7
2026.03.09 14:31:33 INFO  no build target found for C:\Users\DELL\OneDrive\Bureau\sorbonne\M2\S2\PPC\mozartGame_code\src\main\scala\DataBase.scala. Using presentation compiler with project's scala-library version: 3.3.7
2026.03.09 14:31:33 INFO  no build target found for C:\Users\DELL\OneDrive\Bureau\sorbonne\M2\S2\PPC\mozartGame_code\src\main\scala\DataBase.scala. Using presentation compiler with project's scala-library version: 3.3.7
2026.03.09 14:31:34 INFO  no build target found for C:\Users\DELL\OneDrive\Bureau\sorbonne\M2\S2\PPC\mozartGame_code\src\main\scala\DataBase.scala. Using presentation compiler with project's scala-library version: 3.3.7
2026.03.09 14:31:34 INFO  no build target found for C:\Users\DELL\OneDrive\Bureau\sorbonne\M2\S2\PPC\mozartGame_code\src\main\scala\DataBase.scala. Using presentation compiler with project's scala-library version: 3.3.7
2026.03.09 14:31:34 INFO  no build target found for C:\Users\DELL\OneDrive\Bureau\sorbonne\M2\S2\PPC\mozartGame_code\src\main\scala\DataBase.scala. Using presentation compiler with project's scala-library version: 3.3.7
2026.03.09 14:31:34 INFO  no build target found for C:\Users\DELL\OneDrive\Bureau\sorbonne\M2\S2\PPC\mozartGame_code\src\main\scala\DataBase.scala. Using presentation compiler with project's scala-library version: 3.3.7
2026.03.09 14:31:36 INFO  no build target found for C:\Users\DELL\OneDrive\Bureau\sorbonne\M2\S2\PPC\mozartGame_code\src\main\scala\DataBase.scala. Using presentation compiler with project's scala-library version: 3.3.7
2026.03.09 14:31:36 INFO  no build target found for C:\Users\DELL\OneDrive\Bureau\sorbonne\M2\S2\PPC\mozartGame_code\src\main\scala\DataBase.scala. Using presentation compiler with project's scala-library version: 3.3.7
2026.03.09 14:32:22 INFO  no build target found for C:\Users\DELL\OneDrive\Bureau\sorbonne\M2\S2\PPC\mozartGame_code\src\main\scala\DataBase.scala. Using presentation compiler with project's scala-library version: 3.3.7
2026.03.09 14:32:31 INFO  no build target found for C:\Users\DELL\OneDrive\Bureau\sorbonne\M2\S2\PPC\mozartGame_code\src\main\scala\DataBase.scala. Using presentation compiler with project's scala-library version: 3.3.7
2026.03.09 17:02:10 INFO  no build target found for C:\Users\DELL\OneDrive\Bureau\sorbonne\M2\S2\PPC\mozartGame_code\src\main\scala\DataBase.scala. Using presentation compiler with project's scala-library version: 3.3.7
2026.03.09 17:02:12 INFO  no build target found for C:\Users\DELL\OneDrive\Bureau\sorbonne\M2\S2\PPC\mozartGame_code\src\main\scala\DataBase.scala. Using presentation compiler with project's scala-library version: 3.3.7
2026.03.09 17:02:54 INFO  no build target found for C:\Users\DELL\OneDrive\Bureau\sorbonne\M2\S2\PPC\mozartGame_code\src\main\scala\DataBase.scala. Using presentation compiler with project's scala-library version: 3.3.7
2026.03.09 17:03:14 INFO  no build target found for C:\Users\DELL\OneDrive\Bureau\sorbonne\M2\S2\PPC\mozartGame_code\src\main\scala\DataBase.scala. Using presentation compiler with project's scala-library version: 3.3.7
2026.03.09 17:03:14 INFO  no build target found for C:\Users\DELL\OneDrive\Bureau\sorbonne\M2\S2\PPC\mozartGame_code\src\main\scala\DataBase.scala. Using presentation compiler with project's scala-library version: 3.3.7
2026.03.09 17:03:17 INFO  no build target found for C:\Users\DELL\OneDrive\Bureau\sorbonne\M2\S2\PPC\mozartGame_code\src\main\scala\DataBase.scala. Using presentation compiler with project's scala-library version: 3.3.7
2026.03.09 17:03:23 INFO  no build target found for C:\Users\DELL\OneDrive\Bureau\sorbonne\M2\S2\PPC\mozartGame_code\src\main\scala\DataBase.scala. Using presentation compiler with project's scala-library version: 3.3.7
2026.03.09 17:03:23 INFO  Shutting down server
2026.03.09 17:03:23 INFO  Memory monitor stopped
2026.03.09 17:03:23 INFO  shutting down Metals
2026.03.09 17:03:23 INFO  Exiting server
